# JRE version: Java(TM) SE Runtime Environment (8.0_40-b26) (build 1.8.0_40-b26)
# Java VM: Java HotSpot(TM) Client VM (25.40-b25 mixed mode windows-x86 )
Heap:
 def new generation   total 4928K, used 776K [0x04800000, 0x04d50000, 0x09d50000)
  eden space 4416K,  14% used [0x04800000, 0x0489d200, 0x04c50000)
  from space 512K,  28% used [0x04cd0000, 0x04cf4ff8, 0x04d50000)
  to   space 512K,   0% used [0x04c50000, 0x04c50000, 0x04cd0000)
 tenured generation   total 10944K, used 2299K [0x09d50000, 0x0a800000, 0x14800000)
   the space 10944K,  21% used [0x09d50000, 0x09f8ec90, 0x09f8ee00, 0x0a800000)
 Metaspace       used 8054K, capacity 8213K, committed 8320K, reserved 8576K
GC Heap History (10 events):
Event: 3161.242 GC heap before
{Heap before GC invocations=12558 (full 0):
 def new generation   total 4928K, used 4582K [0x04800000, 0x04d50000, 0x09d50000)
  eden space 4416K, 100% used [0x04800000, 0x04c50000, 0x04c50000)
  from space 512K,  32% used [0x04c50000, 0x04c799c8, 0x04cd0000)
  to   space 512K,   0% used [0x04cd0000, 0x04cd0000, 0x04d50000)
 tenured generation   total 10944K, used 2299K [0x09d50000, 0x0a800000, 0x14800000)
   the space 10944K,  21% used [0x09d50000, 0x09f8ec90, 0x09f8ee00, 0x0a800000)
 Metaspace       used 8053K, capacity 8213K, committed 8320K, reserved 8576K
Event: 3161.243 GC heap after
Heap after GC invocations=12559 (full 0):
 def new generation   total 4928K, used 147K [0x04800000, 0x04d50000, 0x09d50000)
  eden space 4416K,   0% used [0x04800000, 0x04800000, 0x04c50000)
  from space 512K,  28% used [0x04cd0000, 0x04cf4ec0, 0x04d50000)
  to   space 512K,   0% used [0x04c50000, 0x04c50000, 0x04cd0000)
 tenured generation   total 10944K, used 2299K [0x09d50000, 0x0a800000, 0x14800000)
   the space 10944K,  21% used [0x09d50000, 0x09f8ec90, 0x09f8ee00, 0x0a800000)
 Metaspace       used 8053K, capacity 8213K, committed 8320K, reserved 8576K
}
Event: 3384.524 GC heap before
{Heap before GC invocations=12559 (full 0):
 def new generation   total 4928K, used 4562K [0x04800000, 0x04d50000, 0x09d50000)
  eden space 4416K,  99% used [0x04800000, 0x04c4fab8, 0x04c50000)
  from space 512K,  28% used [0x04cd0000, 0x04cf4ec0, 0x04d50000)
  to   space 512K,   0% used [0x04c50000, 0x04c50000, 0x04cd0000)
 tenured generation   total 10944K, used 2299K [0x09d50000, 0x0a800000, 0x14800000)
   the space 10944K,  21% used [0x09d50000, 0x09f8ec90, 0x09f8ee00, 0x0a800000)
 Metaspace       used 8053K, capacity 8213K, committed 8320K, reserved 8576K
Event: 3384.526 GC heap after
Heap after GC invocations=12560 (full 0):
 def new generation   total 4928K, used 157K [0x04800000, 0x04d50000, 0x09d50000)
  eden space 4416K,   0% used [0x04800000, 0x04800000, 0x04c50000)
  from space 512K,  30% used [0x04c50000, 0x04c77530, 0x04cd0000)
  to   space 512K,   0% used [0x04cd0000, 0x04cd0000, 0x04d50000)
 tenured generation   total 10944K, used 2299K [0x09d50000, 0x0a800000, 0x14800000)
   the space 10944K,  21% used [0x09d50000, 0x09f8ec90, 0x09f8ee00, 0x0a800000)
 Metaspace       used 8053K, capacity 8213K, committed 8320K, reserved 8576K
}
Event: 3587.840 GC heap before
{Heap before GC invocations=12560 (full 0):
 def new generation   total 4928K, used 4573K [0x04800000, 0x04d50000, 0x09d50000)
  eden space 4416K, 100% used [0x04800000, 0x04c50000, 0x04c50000)
  from space 512K,  30% used [0x04c50000, 0x04c77530, 0x04cd0000)
  to   space 512K,   0% used [0x04cd0000, 0x04cd0000, 0x04d50000)
 tenured generation   total 10944K, used 2299K [0x09d50000, 0x0a800000, 0x14800000)
   the space 10944K,  21% used [0x09d50000, 0x09f8ec90, 0x09f8ee00, 0x0a800000)
 Metaspace       used 8053K, capacity 8213K, committed 8320K, reserved 8576K
Event: 3587.871 GC heap after
Heap after GC invocations=12561 (full 0):
 def new generation   total 4928K, used 150K [0x04800000, 0x04d50000, 0x09d50000)
  eden space 4416K,   0% used [0x04800000, 0x04800000, 0x04c50000)
  from space 512K,  29% used [0x04cd0000, 0x04cf5880, 0x04d50000)
  to   space 512K,   0% used [0x04c50000, 0x04c50000, 0x04cd0000)
 tenured generation   total 10944K, used 2299K [0x09d50000, 0x0a800000, 0x14800000)
   the space 10944K,  21% used [0x09d50000, 0x09f8ec90, 0x09f8ee00, 0x0a800000)
 Metaspace       used 8053K, capacity 8213K, committed 8320K, reserved 8576K
}
Event: 3842.055 GC heap before
{Heap before GC invocations=12561 (full 0):
 def new generation   total 4928K, used 4566K [0x04800000, 0x04d50000, 0x09d50000)
  eden space 4416K, 100% used [0x04800000, 0x04c50000, 0x04c50000)
  from space 512K,  29% used [0x04cd0000, 0x04cf5880, 0x04d50000)
  to   space 512K,   0% used [0x04c50000, 0x04c50000, 0x04cd0000)
 tenured generation   total 10944K, used 2299K [0x09d50000, 0x0a800000, 0x14800000)
   the space 10944K,  21% used [0x09d50000, 0x09f8ec90, 0x09f8ee00, 0x0a800000)
 Metaspace       used 8053K, capacity 8213K, committed 8320K, reserved 8576K
Event: 3842.056 GC heap after
Heap after GC invocations=12562 (full 0):
 def new generation   total 4928K, used 148K [0x04800000, 0x04d50000, 0x09d50000)
  eden space 4416K,   0% used [0x04800000, 0x04800000, 0x04c50000)
  from space 512K,  29% used [0x04c50000, 0x04c752b0, 0x04cd0000)
  to   space 512K,   0% used [0x04cd0000, 0x04cd0000, 0x04d50000)
 tenured generation   total 10944K, used 2299K [0x09d50000, 0x0a800000, 0x14800000)
   the space 10944K,  21% used [0x09d50000, 0x09f8ec90, 0x09f8ee00, 0x0a800000)
 Metaspace       used 8053K, capacity 8213K, committed 8320K, reserved 8576K
}
Event: 4121.227 GC heap before
{Heap before GC invocations=12562 (full 0):
 def new generation   total 4928K, used 4564K [0x04800000, 0x04d50000, 0x09d50000)
  eden space 4416K,  99% used [0x04800000, 0x04c4fe50, 0x04c50000)
  from space 512K,  29% used [0x04c50000, 0x04c752b0, 0x04cd0000)
  to   space 512K,   0% used [0x04cd0000, 0x04cd0000, 0x04d50000)
 tenured generation   total 10944K, used 2299K [0x09d50000, 0x0a800000, 0x14800000)
   the space 10944K,  21% used [0x09d50000, 0x09f8ec90, 0x09f8ee00, 0x0a800000)
 Metaspace       used 8053K, capacity 8213K, committed 8320K, reserved 8576K
Event: 4121.228 GC heap after
Heap after GC invocations=12563 (full 0):
 def new generation   total 4928K, used 147K [0x04800000, 0x04d50000, 0x09d50000)
  eden space 4416K,   0% used [0x04800000, 0x04800000, 0x04c50000)
  from space 512K,  28% used [0x04cd0000, 0x04cf4ff8, 0x04d50000)
  to   space 512K,   0% used [0x04c50000, 0x04c50000, 0x04cd0000)
 tenured generation   total 10944K, used 2299K [0x09d50000, 0x0a800000, 0x14800000)
   the space 10944K,  21% used [0x09d50000, 0x09f8ec90, 0x09f8ee00, 0x0a800000)
 Metaspace       used 8053K, capacity 8213K, committed 8320K, reserved 8576K
}

