# JRE version: Java(TM) SE Runtime Environment (8.0_40-b26) (build 1.8.0_40-b26)
# Java VM: Java HotSpot(TM) Client VM (25.40-b25 mixed mode windows-x86 )
Heap:
 def new generation   total 10176K, used 8400K [0x04c00000, 0x05700000, 0x0a150000)
  eden space 9088K,  81% used [0x04c00000, 0x0533f288, 0x054e0000)
  from space 1088K,  90% used [0x054e0000, 0x055d5060, 0x055f0000)
  to   space 1088K,   0% used [0x055f0000, 0x055f0000, 0x05700000)
 tenured generation   total 22352K, used 13410K [0x0a150000, 0x0b724000, 0x14c00000)
   the space 22352K,  59% used [0x0a150000, 0x0ae68938, 0x0ae68a00, 0x0b724000)
 Metaspace       used 15495K, capacity 15760K, committed 15872K, reserved 16768K
GC Heap History (10 events):
Event: 16.492 GC heap before
{Heap before GC invocations=11 (full 2):
 def new generation   total 7360K, used 7360K [0x04c00000, 0x053f0000, 0x0a150000)
  eden space 6592K, 100% used [0x04c00000, 0x05270000, 0x05270000)
  from space 768K, 100% used [0x05270000, 0x05330000, 0x05330000)
  to   space 768K,   0% used [0x05330000, 0x05330000, 0x053f0000)
 tenured generation   total 16120K, used 10967K [0x0a150000, 0x0b10e000, 0x14c00000)
   the space 16120K,  68% used [0x0a150000, 0x0ac05e98, 0x0ac06000, 0x0b10e000)
 Metaspace       used 15089K, capacity 15327K, committed 15488K, reserved 15744K
Event: 16.546 GC heap after
Heap after GC invocations=12 (full 3):
 def new generation   total 10176K, used 0K [0x04c00000, 0x05700000, 0x0a150000)
  eden space 9088K,   0% used [0x04c00000, 0x04c00000, 0x054e0000)
  from space 1088K,   0% used [0x054e0000, 0x054e0000, 0x055f0000)
  to   space 1088K,   0% used [0x055f0000, 0x055f0000, 0x05700000)
 tenured generation   total 22352K, used 13410K [0x0a150000, 0x0b724000, 0x14c00000)
   the space 22352K,  59% used [0x0a150000, 0x0ae68938, 0x0ae68a00, 0x0b724000)
 Metaspace       used 15069K, capacity 15292K, committed 15488K, reserved 15744K
}
Event: 31.688 GC heap before
{Heap before GC invocations=12 (full 3):
 def new generation   total 10176K, used 9088K [0x04c00000, 0x05700000, 0x0a150000)
  eden space 9088K, 100% used [0x04c00000, 0x054e0000, 0x054e0000)
  from space 1088K,   0% used [0x054e0000, 0x054e0010, 0x055f0000)
  to   space 1088K,   0% used [0x055f0000, 0x055f0000, 0x05700000)
 tenured generation   total 22352K, used 13410K [0x0a150000, 0x0b724000, 0x14c00000)
   the space 22352K,  59% used [0x0a150000, 0x0ae68938, 0x0ae68a00, 0x0b724000)
 Metaspace       used 15123K, capacity 15391K, committed 15488K, reserved 15744K
Event: 31.691 GC heap after
Heap after GC invocations=13 (full 3):
 def new generation   total 10176K, used 96K [0x04c00000, 0x05700000, 0x0a150000)
  eden space 9088K,   0% used [0x04c00000, 0x04c00000, 0x054e0000)
  from space 1088K,   8% used [0x055f0000, 0x056082a8, 0x05700000)
  to   space 1088K,   0% used [0x054e0000, 0x054e0000, 0x055f0000)
 tenured generation   total 22352K, used 13410K [0x0a150000, 0x0b724000, 0x14c00000)
   the space 22352K,  59% used [0x0a150000, 0x0ae68938, 0x0ae68a00, 0x0b724000)
 Metaspace       used 15123K, capacity 15391K, committed 15488K, reserved 15744K
}
Event: 31.691 GC heap before
{Heap before GC invocations=13 (full 3):
 def new generation   total 10176K, used 127K [0x04c00000, 0x05700000, 0x0a150000)
  eden space 9088K,   0% used [0x04c00000, 0x04c07968, 0x054e0000)
  from space 1088K,   8% used [0x055f0000, 0x056082a8, 0x05700000)
  to   space 1088K,   0% used [0x054e0000, 0x054e0000, 0x055f0000)
 tenured generation   total 22352K, used 13410K [0x0a150000, 0x0b724000, 0x14c00000)
   the space 22352K,  59% used [0x0a150000, 0x0ae68938, 0x0ae68a00, 0x0b724000)
 Metaspace       used 15123K, capacity 15391K, committed 15488K, reserved 15744K
Event: 31.693 GC heap after
Heap after GC invocations=14 (full 3):
 def new generation   total 10176K, used 82K [0x04c00000, 0x05700000, 0x0a150000)
  eden space 9088K,   0% used [0x04c00000, 0x04c00000, 0x054e0000)
  from space 1088K,   7% used [0x054e0000, 0x054f4860, 0x055f0000)
  to   space 1088K,   0% used [0x055f0000, 0x055f0000, 0x05700000)
 tenured generation   total 22352K, used 13410K [0x0a150000, 0x0b724000, 0x14c00000)
   the space 22352K,  59% used [0x0a150000, 0x0ae68938, 0x0ae68a00, 0x0b724000)
 Metaspace       used 15123K, capacity 15391K, committed 15488K, reserved 15744K
}
Event: 51.467 GC heap before
{Heap before GC invocations=14 (full 3):
 def new generation   total 10176K, used 9170K [0x04c00000, 0x05700000, 0x0a150000)
  eden space 9088K, 100% used [0x04c00000, 0x054e0000, 0x054e0000)
  from space 1088K,   7% used [0x054e0000, 0x054f4860, 0x055f0000)
  to   space 1088K,   0% used [0x055f0000, 0x055f0000, 0x05700000)
 tenured generation   total 22352K, used 13410K [0x0a150000, 0x0b724000, 0x14c00000)
   the space 22352K,  59% used [0x0a150000, 0x0ae68938, 0x0ae68a00, 0x0b724000)
 Metaspace       used 15128K, capacity 15401K, committed 15488K, reserved 15744K
Event: 51.470 GC heap after
Heap after GC invocations=15 (full 3):
 def new generation   total 10176K, used 56K [0x04c00000, 0x05700000, 0x0a150000)
  eden space 9088K,   0% used [0x04c00000, 0x04c00000, 0x054e0000)
  from space 1088K,   5% used [0x055f0000, 0x055fe0a0, 0x05700000)
  to   space 1088K,   0% used [0x054e0000, 0x054e0000, 0x055f0000)
 tenured generation   total 22352K, used 13410K [0x0a150000, 0x0b724000, 0x14c00000)
   the space 22352K,  59% used [0x0a150000, 0x0ae68938, 0x0ae68a00, 0x0b724000)
 Metaspace       used 15128K, capacity 15401K, committed 15488K, reserved 15744K
}
Event: 59.632 GC heap before
{Heap before GC invocations=15 (full 3):
 def new generation   total 10176K, used 9144K [0x04c00000, 0x05700000, 0x0a150000)
  eden space 9088K, 100% used [0x04c00000, 0x054e0000, 0x054e0000)
  from space 1088K,   5% used [0x055f0000, 0x055fe0a0, 0x05700000)
  to   space 1088K,   0% used [0x054e0000, 0x054e0000, 0x055f0000)
 tenured generation   total 22352K, used 13410K [0x0a150000, 0x0b724000, 0x14c00000)
   the space 22352K,  59% used [0x0a150000, 0x0ae68938, 0x0ae68a00, 0x0b724000)
 Metaspace       used 15138K, capacity 15403K, committed 15488K, reserved 15744K
Event: 59.637 GC heap after
Heap after GC invocations=16 (full 3):
 def new generation   total 10176K, used 980K [0x04c00000, 0x05700000, 0x0a150000)
  eden space 9088K,   0% used [0x04c00000, 0x04c00000, 0x054e0000)
  from space 1088K,  90% used [0x054e0000, 0x055d5060, 0x055f0000)
  to   space 1088K,   0% used [0x055f0000, 0x055f0000, 0x05700000)
 tenured generation   total 22352K, used 13410K [0x0a150000, 0x0b724000, 0x14c00000)
   the space 22352K,  59% used [0x0a150000, 0x0ae68938, 0x0ae68a00, 0x0b724000)
 Metaspace       used 15138K, capacity 15403K, committed 15488K, reserved 15744K
}

